[debug] [2024-01-21T14:12:03.239Z] ----------------------------------------------------------------------
[debug] [2024-01-21T14:12:03.241Z] Command:       C:\Program Files\nodejs\node.exe C:\Users\balaj\AppData\Roaming\npm\node_modules\firebase-tools\lib\bin\firebase.js init
[debug] [2024-01-21T14:12:03.241Z] CLI Version:   13.0.3
[debug] [2024-01-21T14:12:03.241Z] Platform:      win32
[debug] [2024-01-21T14:12:03.241Z] Node Version:  v20.11.0
[debug] [2024-01-21T14:12:03.241Z] Time:          Sun Jan 21 2024 19:42:03 GMT+0530 (India Standard Time)
[debug] [2024-01-21T14:12:03.241Z] ----------------------------------------------------------------------
[debug] 
[debug] [2024-01-21T14:12:03.310Z] > command requires scopes: ["email","openid","https://www.googleapis.com/auth/cloudplatformprojects.readonly","https://www.googleapis.com/auth/firebase","https://www.googleapis.com/auth/cloud-platform"]
[debug] [2024-01-21T14:12:03.310Z] > authorizing via signed-in user (sribalajiaudiosvcpm@gmail.com)
[info] 
     ######## #### ########  ######## ########     ###     ######  ########
     ##        ##  ##     ## ##       ##     ##  ##   ##  ##       ##
     ######    ##  ########  ######   ########  #########  ######  ######
     ##        ##  ##    ##  ##       ##     ## ##     ##       ## ##
     ##       #### ##     ## ######## ########  ##     ##  ######  ########

You're about to initialize a Firebase project in this directory:

  C:\Users\balaj\Videos\My_Projects\WalletAngularClient

Before we get started, keep in mind:

  * You are initializing within an existing Firebase project directory

[info] 
=== Project Setup
[info] 
[info] First, let's associate this project directory with a Firebase project.
[info] You can create multiple project aliases by running firebase use --add, 
[info] but for now we'll just set up a default project.
[info] 
[debug] [2024-01-21T14:14:39.269Z] Using project from CLI flag: walleth2
[debug] [2024-01-21T14:14:39.270Z] >>> [apiv2][query] GET https://firebase.googleapis.com/v1beta1/projects/walleth2 [none]
[debug] [2024-01-21T14:14:39.873Z] <<< [apiv2][status] GET https://firebase.googleapis.com/v1beta1/projects/walleth2 403
[debug] [2024-01-21T14:14:39.874Z] <<< [apiv2][body] GET https://firebase.googleapis.com/v1beta1/projects/walleth2 {"error":{"code":403,"message":"The caller does not have permission","status":"PERMISSION_DENIED"}}
[debug] [2024-01-21T14:14:39.874Z] HTTP Error: 403, The caller does not have permission
[debug] [2024-01-21T14:14:39.976Z] FirebaseError: HTTP Error: 403, The caller does not have permission
    at responseToError (C:\Users\balaj\AppData\Roaming\npm\node_modules\firebase-tools\lib\responseToError.js:49:12)
    at RetryOperation._fn (C:\Users\balaj\AppData\Roaming\npm\node_modules\firebase-tools\lib\apiv2.js:292:77)
    at process.processTicksAndRejections (node:internal/process/task_queues:95:5)
[error] 
[error] Error: Failed to get Firebase project walleth2. Please make sure the project exists and your account has permission to access it.
